<?xml version="1.0" encoding="UTF-8"?>
<!-- Generated by org.testng.reporters.JUnitReportReporter -->
<testsuite hostname="LAPTOP-Pooja" failures="0" tests="4" name="com.petstore.api.test.PetRegressionSuit" time="7.369" errors="0" timestamp="2024-02-04T18:51:24 AEDT" skipped="0">
  <testcase classname="com.petstore.api.test.PetRegressionSuit" name="testPostUser" time="2.794"/>
  <system-out/>
  <testcase classname="com.petstore.api.test.PetRegressionSuit" name="testGetPetById" time="1.166"/>
  <system-out/>
  <testcase classname="com.petstore.api.test.PetRegressionSuit" name="testUpdateExistingPet" time="2.272"/>
  <system-out/>
  <testcase classname="com.petstore.api.test.PetRegressionSuit" name="testDeleteUserByName" time="1.137"/>
  <system-out/>
</testsuite> <!-- com.petstore.api.test.PetRegressionSuit -->
