<?xml version="1.0" encoding="UTF-8"?>
<!-- Generated by org.testng.reporters.JUnitReportReporter -->
<testsuite hostname="LAPTOP-Pooja" failures="0" tests="1" name="api.test.PetRegressionSuit" time="3.993" errors="0" timestamp="2024-02-04T18:27:09 AEDT" skipped="0">
  <testcase classname="api.test.PetRegressionSuit" name="testUpdateExistingPet" time="3.993"/>
  <system-out/>
</testsuite> <!-- api.test.PetRegressionSuit -->
