<?xml version="1.0" encoding="UTF-8"?>
<!-- Generated by org.testng.reporters.JUnitReportReporter -->
<testsuite hostname="LAPTOP-Pooja" failures="0" tests="4" name="com.petstore.api.test.PetRegressionSuite" time="12.982" errors="0" timestamp="2024-02-07T22:14:23 AEDT" skipped="0">
  <testcase classname="com.petstore.api.test.PetRegressionSuite" name="testAddPet" time="5.908"/>
  <system-out/>
  <testcase classname="com.petstore.api.test.PetRegressionSuite" name="testGetPetById" time="1.824"/>
  <system-out/>
  <testcase classname="com.petstore.api.test.PetRegressionSuite" name="testUpdateExistingPet" time="3.546"/>
  <system-out/>
  <testcase classname="com.petstore.api.test.PetRegressionSuite" name="testDeletePetById" time="1.704"/>
  <system-out/>
</testsuite> <!-- com.petstore.api.test.PetRegressionSuite -->
