<?xml version="1.0" encoding="UTF-8"?>
<!-- Generated by org.testng.reporters.JUnitReportReporter -->
<testsuite hostname="LAPTOP-Pooja" failures="0" tests="4" name="com.petstore.api.test.PetRegressionSuite" time="7.441" errors="0" timestamp="2024-02-04T19:02:21 AEDT" skipped="0">
  <testcase classname="com.petstore.api.test.PetRegressionSuite" name="testPostUser" time="2.845"/>
  <system-out/>
  <testcase classname="com.petstore.api.test.PetRegressionSuite" name="testGetPetById" time="1.178"/>
  <system-out/>
  <testcase classname="com.petstore.api.test.PetRegressionSuite" name="testUpdateExistingPet" time="2.296"/>
  <system-out/>
  <testcase classname="com.petstore.api.test.PetRegressionSuite" name="testDeleteUserByName" time="1.122"/>
  <system-out/>
</testsuite> <!-- com.petstore.api.test.PetRegressionSuite -->
