<?xml version="1.0" encoding="UTF-8"?>
<!-- Generated by org.testng.reporters.JUnitReportReporter -->
<testsuite skipped="0" hostname="LAPTOP-ABHI" name="httpsMethods.Test01_Get" tests="1" failures="0" timestamp="2021-09-28T21:48:04 AEST" time="1.649" errors="0">
  <testcase name="test_01" time="1.649" classname="httpsMethods.Test01_Get"/>
  <system-out/>
</testsuite> <!-- httpsMethods.Test01_Get -->
