<?xml version="1.0" encoding="UTF-8"?>
<!-- Generated by org.testng.reporters.JUnitReportReporter -->
<testsuite hostname="LAPTOP-Pooja" failures="0" tests="4" name="com.petstore.api.test.PetRegressionSuite" time="7.687" errors="0" timestamp="2024-02-04T19:04:46 AEDT" skipped="0">
  <testcase classname="com.petstore.api.test.PetRegressionSuite" name="testPostUser" time="3.086"/>
  <system-out/>
  <testcase classname="com.petstore.api.test.PetRegressionSuite" name="testGetPetById" time="1.175"/>
  <system-out/>
  <testcase classname="com.petstore.api.test.PetRegressionSuite" name="testUpdateExistingPet" time="2.292"/>
  <system-out/>
  <testcase classname="com.petstore.api.test.PetRegressionSuite" name="testDeleteUserByName" time="1.134"/>
  <system-out/>
</testsuite> <!-- com.petstore.api.test.PetRegressionSuite -->
